[0m16:46:17.756284 [debug] [MainThread]: Sending event: {'category': 'dbt', 'action': 'invocation', 'label': 'start', 'context': [<snowplow_tracker.self_describing_json.SelfDescribingJson object at 0x00000214E00385D0>, <snowplow_tracker.self_describing_json.SelfDescribingJson object at 0x00000214DFAF61D0>, <snowplow_tracker.self_describing_json.SelfDescribingJson object at 0x00000214DF240F50>]}


============================== 16:46:17.756284 | 5c62e377-fd61-413c-a821-c2933f4df6af ==============================
[0m16:46:17.756284 [info ] [MainThread]: Running with dbt=1.7.4
[0m16:46:17.756284 [debug] [MainThread]: running dbt with arguments {'printer_width': '80', 'indirect_selection': 'eager', 'write_json': 'True', 'log_cache_events': 'False', 'partial_parse': 'True', 'cache_selected_only': 'False', 'profiles_dir': 'C:\\Users\\cbobr\\.dbt', 'fail_fast': 'False', 'version_check': 'True', 'log_path': 'logs', 'debug': 'False', 'warn_error': 'None', 'use_colors': 'True', 'use_experimental_parser': 'False', 'no_print': 'None', 'quiet': 'False', 'warn_error_options': 'WarnErrorOptions(include=[], exclude=[])', 'static_parser': 'True', 'log_format': 'default', 'introspect': 'True', 'target_path': 'None', 'invocation_command': 'dbt init', 'send_anonymous_usage_stats': 'True'}
[0m16:46:26.159494 [debug] [MainThread]: Starter project path: C:\Users\cbobr\Documents\Transfermarkt\tm-env\Lib\site-packages\dbt\include\starter_project
[0m16:46:26.191268 [info ] [MainThread]: 
Your new dbt project "tm" was created!

For more information on how to configure the profiles.yml file,
please consult the dbt documentation here:

  https://docs.getdbt.com/docs/configure-your-profile

One more thing:

Need help? Don't hesitate to reach out to us via GitHub issues or on Slack:

  https://community.getdbt.com/

Happy modeling!

[0m16:46:26.204270 [info ] [MainThread]: Setting up your profile.
[0m16:46:33.886130 [debug] [MainThread]: Command `dbt init` succeeded at 16:46:33.886130 after 16.17 seconds
[0m16:46:33.886130 [debug] [MainThread]: Sending event: {'category': 'dbt', 'action': 'invocation', 'label': 'end', 'context': [<snowplow_tracker.self_describing_json.SelfDescribingJson object at 0x00000214DFFF0990>, <snowplow_tracker.self_describing_json.SelfDescribingJson object at 0x00000214DE4F0990>, <snowplow_tracker.self_describing_json.SelfDescribingJson object at 0x00000214DF875090>]}
[0m16:46:33.886130 [debug] [MainThread]: Flushing usage events
[0m16:47:00.504597 [debug] [MainThread]: Sending event: {'category': 'dbt', 'action': 'invocation', 'label': 'start', 'context': [<snowplow_tracker.self_describing_json.SelfDescribingJson object at 0x00000153B202D6D0>, <snowplow_tracker.self_describing_json.SelfDescribingJson object at 0x00000153B2520610>, <snowplow_tracker.self_describing_json.SelfDescribingJson object at 0x00000153B202E450>]}


============================== 16:47:00.513938 | 137063f1-ed74-4909-8a81-0d1bb02ecae2 ==============================
[0m16:47:00.513938 [info ] [MainThread]: Running with dbt=1.7.4
[0m16:47:00.513938 [debug] [MainThread]: running dbt with arguments {'printer_width': '80', 'indirect_selection': 'eager', 'write_json': 'True', 'log_cache_events': 'False', 'partial_parse': 'True', 'cache_selected_only': 'False', 'warn_error': 'None', 'fail_fast': 'False', 'version_check': 'True', 'log_path': 'logs', 'profiles_dir': 'C:\\Users\\cbobr\\.dbt', 'debug': 'False', 'use_colors': 'True', 'use_experimental_parser': 'False', 'no_print': 'None', 'quiet': 'False', 'log_format': 'default', 'introspect': 'True', 'warn_error_options': 'WarnErrorOptions(include=[], exclude=[])', 'static_parser': 'True', 'target_path': 'None', 'invocation_command': 'dbt debug', 'send_anonymous_usage_stats': 'True'}
[0m16:47:00.513938 [info ] [MainThread]: dbt version: 1.7.4
[0m16:47:00.513938 [info ] [MainThread]: python version: 3.11.7
[0m16:47:00.513938 [info ] [MainThread]: python path: C:\Users\cbobr\Documents\Transfermarkt\tm-env\Scripts\python.exe
[0m16:47:00.513938 [info ] [MainThread]: os info: Windows-10-10.0.22631-SP0
[0m16:47:00.622367 [info ] [MainThread]: Using profiles dir at C:\Users\cbobr\.dbt
[0m16:47:00.622367 [info ] [MainThread]: Using profiles.yml file at C:\Users\cbobr\.dbt\profiles.yml
[0m16:47:00.633994 [info ] [MainThread]: Using dbt_project.yml file at C:\Users\cbobr\Documents\Transfermarkt\dbt_project.yml
[0m16:47:00.633994 [info ] [MainThread]: adapter type: postgres
[0m16:47:00.633994 [info ] [MainThread]: adapter version: 1.7.4
[0m16:47:00.637516 [info ] [MainThread]: Configuration:
[0m16:47:00.638521 [info ] [MainThread]:   profiles.yml file [[32mOK found and valid[0m]
[0m16:47:00.639519 [info ] [MainThread]:   dbt_project.yml file [[31mERROR not found[0m]
[0m16:47:00.640519 [info ] [MainThread]: Required dependencies:
[0m16:47:00.641519 [debug] [MainThread]: Executing "git --help"
[0m16:47:00.658164 [debug] [MainThread]: STDOUT: "b"usage: git [--version] [--help] [-C <path>] [-c <name>=<value>]\n           [--exec-path[=<path>]] [--html-path] [--man-path] [--info-path]\n           [-p | --paginate | -P | --no-pager] [--no-replace-objects] [--bare]\n           [--git-dir=<path>] [--work-tree=<path>] [--namespace=<name>]\n           <command> [<args>]\n\nThese are common Git commands used in various situations:\n\nstart a working area (see also: git help tutorial)\n   clone             Clone a repository into a new directory\n   init              Create an empty Git repository or reinitialize an existing one\n\nwork on the current change (see also: git help everyday)\n   add               Add file contents to the index\n   mv                Move or rename a file, a directory, or a symlink\n   restore           Restore working tree files\n   rm                Remove files from the working tree and from the index\n   sparse-checkout   Initialize and modify the sparse-checkout\n\nexamine the history and state (see also: git help revisions)\n   bisect            Use binary search to find the commit that introduced a bug\n   diff              Show changes between commits, commit and working tree, etc\n   grep              Print lines matching a pattern\n   log               Show commit logs\n   show              Show various types of objects\n   status            Show the working tree status\n\ngrow, mark and tweak your common history\n   branch            List, create, or delete branches\n   commit            Record changes to the repository\n   merge             Join two or more development histories together\n   rebase            Reapply commits on top of another base tip\n   reset             Reset current HEAD to the specified state\n   switch            Switch branches\n   tag               Create, list, delete or verify a tag object signed with GPG\n\ncollaborate (see also: git help workflows)\n   fetch             Download objects and refs from another repository\n   pull              Fetch from and integrate with another repository or a local branch\n   push              Update remote refs along with associated objects\n\n'git help -a' and 'git help -g' list available subcommands and some\nconcept guides. See 'git help <command>' or 'git help <concept>'\nto read about a specific subcommand or concept.\nSee 'git help git' for an overview of the system.\n""
[0m16:47:00.658540 [debug] [MainThread]: STDERR: "b''"
[0m16:47:00.658540 [info ] [MainThread]:  - git [[32mOK found[0m]

[0m16:47:00.658540 [info ] [MainThread]: Connection:
[0m16:47:00.658540 [info ] [MainThread]:   host: localhost
[0m16:47:00.658540 [info ] [MainThread]:   port: 5432
[0m16:47:00.658540 [info ] [MainThread]:   user: postgres
[0m16:47:00.658540 [info ] [MainThread]:   database: tm
[0m16:47:00.658540 [info ] [MainThread]:   schema: public
[0m16:47:00.658540 [info ] [MainThread]:   connect_timeout: 10
[0m16:47:00.658540 [info ] [MainThread]:   role: None
[0m16:47:00.658540 [info ] [MainThread]:   search_path: None
[0m16:47:00.658540 [info ] [MainThread]:   keepalives_idle: 0
[0m16:47:00.658540 [info ] [MainThread]:   sslmode: None
[0m16:47:00.658540 [info ] [MainThread]:   sslcert: None
[0m16:47:00.658540 [info ] [MainThread]:   sslkey: None
[0m16:47:00.658540 [info ] [MainThread]:   sslrootcert: None
[0m16:47:00.670814 [info ] [MainThread]:   application_name: dbt
[0m16:47:00.671818 [info ] [MainThread]:   retries: 1
[0m16:47:00.672818 [info ] [MainThread]: Registered adapter: postgres=1.7.4
[0m16:47:00.673818 [debug] [MainThread]: Acquiring new postgres connection 'debug'
[0m16:47:00.674819 [debug] [MainThread]: Using postgres connection "debug"
[0m16:47:00.675212 [debug] [MainThread]: On debug: select 1 as id
[0m16:47:00.675212 [debug] [MainThread]: Opening a new connection, currently in state init
[0m16:47:00.737596 [debug] [MainThread]: SQL status: SELECT 1 in 0.0 seconds
[0m16:47:00.739720 [debug] [MainThread]: On debug: Close
[0m16:47:00.739720 [info ] [MainThread]:   Connection test: [[32mOK connection ok[0m]

[0m16:47:00.742870 [info ] [MainThread]: [31m1 check failed:[0m
[0m16:47:00.742870 [info ] [MainThread]: Project loading failed for the following reason:
 project path <C:\Users\cbobr\Documents\Transfermarkt\dbt_project.yml> not found

[0m16:47:00.746465 [debug] [MainThread]: Command `dbt debug` failed at 16:47:00.746465 after 0.30 seconds
[0m16:47:00.746465 [debug] [MainThread]: Connection 'debug' was properly closed.
[0m16:47:00.746465 [debug] [MainThread]: Sending event: {'category': 'dbt', 'action': 'invocation', 'label': 'end', 'context': [<snowplow_tracker.self_describing_json.SelfDescribingJson object at 0x00000153B1E27410>, <snowplow_tracker.self_describing_json.SelfDescribingJson object at 0x00000153B2626D10>, <snowplow_tracker.self_describing_json.SelfDescribingJson object at 0x00000153AB0F89D0>]}
[0m16:47:00.749175 [debug] [MainThread]: Flushing usage events
[0m17:13:15.575370 [debug] [MainThread]: Sending event: {'category': 'dbt', 'action': 'invocation', 'label': 'start', 'context': [<snowplow_tracker.self_describing_json.SelfDescribingJson object at 0x000001958DC26350>, <snowplow_tracker.self_describing_json.SelfDescribingJson object at 0x000001958DBAC950>, <snowplow_tracker.self_describing_json.SelfDescribingJson object at 0x0000019586F0AF90>]}


============================== 17:13:15.575370 | f34ed35c-f755-4233-8467-f5bb96a4aded ==============================
[0m17:13:15.575370 [info ] [MainThread]: Running with dbt=1.7.4
[0m17:13:15.575370 [debug] [MainThread]: running dbt with arguments {'printer_width': '80', 'indirect_selection': 'eager', 'log_cache_events': 'False', 'write_json': 'True', 'partial_parse': 'True', 'cache_selected_only': 'False', 'profiles_dir': 'C:\\Users\\cbobr\\.dbt', 'version_check': 'True', 'fail_fast': 'False', 'log_path': 'logs', 'debug': 'False', 'warn_error': 'None', 'use_colors': 'True', 'use_experimental_parser': 'False', 'no_print': 'None', 'quiet': 'False', 'warn_error_options': 'WarnErrorOptions(include=[], exclude=[])', 'introspect': 'True', 'static_parser': 'True', 'log_format': 'default', 'target_path': 'None', 'invocation_command': 'dbt run -s stg_clubs', 'send_anonymous_usage_stats': 'True'}
[0m17:13:15.575370 [error] [MainThread]: Encountered an error:
Runtime Error
  No dbt_project.yml found at expected path C:\Users\cbobr\Documents\Transfermarkt\dbt_project.yml
  Verify that each entry within packages.yml (and their transitive dependencies) contains a file named dbt_project.yml
  
[0m17:13:15.575370 [debug] [MainThread]: Command `dbt run` failed at 17:13:15.575370 after 0.04 seconds
[0m17:13:15.575370 [debug] [MainThread]: Sending event: {'category': 'dbt', 'action': 'invocation', 'label': 'end', 'context': [<snowplow_tracker.self_describing_json.SelfDescribingJson object at 0x000001958DB87950>, <snowplow_tracker.self_describing_json.SelfDescribingJson object at 0x000001958D8F2B90>, <snowplow_tracker.self_describing_json.SelfDescribingJson object at 0x000001958DB5AD50>]}
[0m17:13:15.575370 [debug] [MainThread]: Flushing usage events
